3
7
17
41
99
239
577
1393
3363
8119
19601
47321
114243
275807
665857
1607521
3880899
9369319
22619537
54608393
131836323
318281039
768398401
855077834
478554055
812185937
102925915
18037760
139001435
296040630
731082695
758206013
247494707
253195420
753885547
760966507
275818547
312603594
901025735
114655050
130335828
375326706
880989240
137305172
155599577
448504326
52608222
553720770
160049755
873820280
907690308
689200882
286092058
261384991
808862040
879109064
567080154
13269358
593618870
200507091
994633052
189773181
374179407
938131995
250443383
439018754
128480884
695980522
520441921
736864357
994170628
725205599
444581812
614369216
673320237
961009683
595339589
151688847
898717283
949123406
796964081
543051554
883067182
309185904
501438983
312063863
125566702
563197267
251961229
67119718
386200665
839521048
65242747
970006542
5255817
980518176
966292162
913102486
792497120
498096712
788690537
75477772
939646081
954769927
849185921
653141755
155469417
964080589
83630581
131341744
346314069
823969882
994253826
812477520
619208852
50895210
720999272
492893747
706786759
906467258
519721261
945909773
411540793
768991352
949523490
668038318
285600112
239238535
764077182
767392892
298862952
365118789
29100523
423319835
875740193
174800207
225340600
625481407
476303407
578088214
632479828
843047863
318575540
480198936
278973405
38145739
355264883
748675505
852615886
453907263
760430405
974768066
709966523
394701098
499368712
393438515
286245735
965929985
218105691
402141360
22388404
446918168
916224740
279367634
474960001
229287629
933535259
96358133
126251518
348861169
823973856
996808874
817591590
631992040
81575656
795143352
671862353
138868044
949598441
38064912
25728258
89521428
204771114
499063656
202898419
904860494
12619393
930099280
872817946
675735158
224288248
124311647
472911542
70134724
613180990
296496697
206174377
708845451
623865272
956575988
537017234
30610442
598238118
227086671
52411453
331909577
716230607
764370784
244972161
254315099
753602359
761519810
276641965
314803733
906249431
127302581
160854586
449011753
58878085
566767923
192413924
951595771
95605452
142806668
381218788
905244244
191707262
288658761
769024784
826708322
422441414
671591143
765623693
202838515
171300716
545439947
262180603
69801146
401782895
873366936
148516753
170400435
489317623
149035674
787388971
723813609
235016175
193845952
622708079
439262103
501232278
441726652
384685575
211097795
806881165
824860118
456601387
738062885
932727150
603517171
139761478
883040127
905841725
694723563
295288837
285301230
865891297
17083810
900058917
817201637
534462177
886125984
306714131
499554239
305822602
111199436
528221474
167642377
863506228
894654826
652815866
200286544
53388947
307064438
667517823
642100077
951717970
545536003
42789962
631115927
305021809
241159538
787340885
815841301
419023473
653888240
726799946
107488118
941776182
991040475
923857118
838754697
601366498
41487679
684341856
410171384
504684617
419540611
343765832
107072268
557910368
222892997
3696355
230285707
464267769
158821238
781910245
722641721
227193673
177029060
581251793
339532639
260317064
860166767
980650591
821467935
623586447
68640815
760868077
590376962
941621994
473620936
888863859
251348640
391561132
34470897
460502926
955476749
371456410
698389562
768235527
234860602
237956724
710774050
659504817
29783670
719072157
467927977
654928104
777784178
210496446
198777063
608050572
414878200
437806965
290492123
18791204
328074531
674940266
677955056
30850364
739655784
510161925
759979627
30121165
820221957
670565072
161352087
993269246
147890565
289050369
725991303
741032968
208057225
157147411
522352047
201851498
926055043
53961570
33978176
121917922
277814020
677545962
632905937
943357829
519621581
982600984
484823535
952248047
389319615
730887270
851094148
433075552
717245245
867566035
452377301
772320630
997018554
766357724
529733988
825825693
181385360
188596406
558578172
305752743
170083651
645920045
461923734
569767506
601458739
772684977
146828679
66342328
279513335
625368998
530251324
685871639
901994595
489860815
881716218
253293237
388302685
29898600
448099885
926098370
300296611
526691585
353679774
234051126
821782026
877615171
577012354
31639865
640292084
312224026
264740129
841704284
948148690
738001650
424151976
586305595
596763159
779831906
156426957
92685813
341798583
776282979
894364534
565012033
24388586
613789205
251966989
117723176
487413341
92549851
672513043
437575930
547664896
532905715
613476319
759858346
133192997
26244333
185681663
397607659
980896981
359401607
699700188
758801976
217304126
193410221
604124568
401659350
407443261
216545865
840534991
897615840
635766657
169149140
974064937
117279000
208622930
534524860
277672643
89870139
457412921
4695974
466804869
938305712
343416279
625138263
593692798
812523852
218740488
250004821
718750130
687505074
93760264
875025602
843811461
562648510
969108474
500865444
970839355
442544140
855927628
154399382
164726385
483852152
132430682
748713516
629857707
8428916
646715539
301859987
250435506
802730999
855897497
514525979
884949448
284424861
453799163
192023180
837845523
867714219
573273947
14262099
601798145
217858382
37514902
292888186
623291274
539470727
702232721
943936162
590105031
124146210
838397451
800941105
440279647
681500392
803280424
288061226
379402869
46866957
473136783
993140523
459417815
911976146
283370093
478716325
240802736
960321797
161446316
283214422
727875160
738964735
205804616
150573960
506952536
164479025
835910586
836300190
508510952
853322087
215155112
283632304
782419720
848471737
479363180
807198090
93759346
994716782
83192896
161102567
405398030
971898627
349195270
670289160
689773583
49836312
789446207
628728719
46903631
722535981
491975586
706487146
904949871
516386874
937723612
391834084
721391773
834617623
390627005
615871626
622370250
860612119
343594474
547801060
439196587
426194227
291585034
9364288
310313610
629991508
570296619
770584739
111466083
993516905
98499879
190516656
479533191
149583031
778699253
706981530
192662299
92306121
377274541
846855203
70984933
988825069
48635057
86095176
220825409
527745994
276317390
80380767
437078924
954538615
346156140
646850888
639857909
926566699
492991293
912549278
318089835
548728941
415547710
379824354
175196411
730217176
635630756
1478674
638588104
278654875
195897847
670450569
536798978
744048518
24896000
793840518
612577029
18994562
650566153
320126861
290819868
901766597
94353048
90472686
275298420
641069526
557437465
755944449
69326349
894597147
858520636
611638405
81797432
775233269
632263963
39761181
711786325
463333824
638453966
740241749
118937450
978116649
75170734
128458110
332086954
792632018
917350983
627333970
172018909
971371788
114762471
200896723
516555917
234008550
984573017
203154570
390882150
984918870
360719876
706358615
773437099
253232799
279902690
813038179
905979041
624996247
155971521
936939289
29850085
996639459
23128989
42897430
108923849
260745128
630414105
521573331
673560760
868694844
410950434
690595705
792141837
274879365
341900560
958680485
259261516
477203510
213668529
904540568
22749651
950039870
922829384
795698624
514226618
824151853
162530310
149212466
460955242
71122943
603201128
277525192
158251505
594028202
346307902
286643999
919595900
125835785
171267463
468370711
108008878
684388467
476785805
637960070
752705938
143371932
39449795
222271522
483992839
190257193
864507225
919271636
703050483
325372588
353795652
32963885
419723422
872410729
164544866
201500454
567545774
336591995
240729757
818051509
876832768
571717031
20266816
612250663
244768135
101786926
448341987
998470900
445283773
889038439
223360637
335759706
894880049
125519790
145919622
417359034
980637690
378634400
737906483
854447359
446801187
748049726
942900632
633850976
210602570
55056109
320714788
696485685
713686151
123857973
961402097
46662153
54726396
156114945
366956286
890027517
147011306
184050122
515111550
214273215
943657980
101589161
146836295
395261751
937359797
269981331
477322452
224626228
926574908
77776030
82126961
242029952
566186865
374403675
314994208
4392084
323778376
651948836
627676041
907300911
442277849
791856602
25991039
843838680
713668392
271175450
256019285
783214020
822447318
428108642
678664595
785437825
249540231
284518280
818576791
921671855
661920487
245512815
152946110
551405035
255756173
62917374
381590921
826099216
33789339
893677894
821145120
535968120
893081353
322130812
537342970
396816745
330976453
58769644
448515741
955801126
360117979
676037077
712192126
100421315
913034756
926490820
766016382
458523570
683063515
824650593
332364687
489379960
311124600
111629153
534382906
180394958
895172822
970740595
836653998
644048577
124751138
893550853
911852837
717256513
346365849
409988204
166342250
742672704
651687651
46047992
743783635
533615255
811014138
155643517
122301165
400245847
922792859
245831551
414455954
74743452
563942858
202629161
969201180
141031507
251264187
643559881
538383942
720327758
979039451
678406646
335852729
350112097
36076916
422265929
880608774
183483463
247575693
678634849
604845384
888325610
381496590
651318783
684134149
19587067
723308283
466203626
655715528
777634675
210984864
199604396
610193656
419991701
450177051
320345796
90868636
502083068
95034765
692152598
479339954
650832499
781004945
212842375
206689688
626221751
459133183
544488110
548109396
640706895
829523179
299753239
429029650
157812532
744654714
647121953
38898606
724919165
488736929
702393016
893522954
489438910
872400767
234240430
340881620
916003670
172888946
261781555
696452056
654685660
5823362
666332384
338488123
343308623
25105362
393519347
812144056
17807445
847758946
713325330
274409592
262144507
798698606
859541712
517782016
895105737
307993476
511092682
330178833
171450341
673079515
517609364
708298236
934205829
576709880
87625575
751961030
591547628
935056279
461660172
858376616
178413390
215203389
608820168
432843718
474507597
381858905
238225400
858309705
954844803
767999297
490843383
749686056
990215488
730117018
450449510
631016031
712481565
55979147
824439859
704858858
234157561
173173973
580505507
334184980
248875460
831935900
912747253
657430392
227608023
112646431
452900885
18448194
489797273
998042740
485882739
969808211
425499147
820806498
67112129
955030756
977173634
909378010
795929640
501237276
798404185
98045632
994495449
87036516
168568474
424173464
16915395
458004254
932923903
323852046
580627988
485108015
550844011
586796030
724436064
35668144
795772352
627212841
50198020
727608881
505415775
738440424
982296616
703033642
388363886
479761407
347886693
175534786
698956265
573447309
845850876
265149047
376148963
17446966
411042895
839532756
90108393
19749535
129607463
278964461
687536385
654037224
995610826
645258862
286128536
217515927
721160390
659836700
40833776
741504252
523842273
789188791
102219841
993628473
89476773
172582012
434640797
41863599
518367995
78599582
675567159
429733893
535034938
499803762
534642455
569088665
672819778
914728214
502276192
919280591
340837360
600955304
542747961
686451219
915650392
517751989
951154363
420060701
791275758
2612203
796500164
595612524
987725205
571062920
129851031
830764982
791380988
413526944
618434869
650396675
919228212
488853085
896934375
282721821
462378010
207477834
877333678
962145183
801624030
565393229
932410481
430214177
792838828
15891819
824622466
665136744
154895940
974928624
104753174
184434965
473623104
131681166
736985436
605652031
948289491
502230999
952751482
407733949
768219373
944172688
656564735
257302144
171169016
599640176
370449361
340538891
51527136
443593163
938713462
321020073
580753601
482527268
545808130
574143521
694095165
962333844
618762839
199859508
18481848
236823204
492128256
221079709
934287674
89655043
113597753
316850549
747298851
811448244
370195325
551838887
473873092
499585064
473043213
445671483
364386172
174443820
713273812
600991437
915256679
431504781
778266234
988037242
754340704
496718636
747777969
992274567
732327089
456928731
646184544
749297812
144780154
38858113
222496380
483850873
190198119
864247111
918692334
701631765
321955850
345543458
13042759
371628976
756300711
884230391
524761479
933753342
392268149
718289633
828847408
375984435
580816271
537616970
656050204
849717371
355484932
560687228
476859381
514405983
505671340
525748656
557168645
640085939
837340516
314766957
466874423
248515796
963906015
176327812
316561632
809451076
935463777
680378616
296220995
272820599
841862193
956544978
754952135
466449234
687850596
842150419
372151420
586453252
545057917
676569079
898196068
472961201
844118463
161198113
166514682
494227477
154969629
804166735
763303092
330772905
424848895
180470688
785790271
752051223
289892703
331836622
953565947
238968502
431502944
101974383
635451710
372877796
381207295
135292379
651792053
438876478
529545002
497966475
525477945
548922358
623322654
795567659
214457958
224483568
663425094
551333749
766092585
83518905
933130395
949779688
832689757
615159188
63008119
741175426
545358964
831893347
209145644
250184628
709514900
669214421
47943728
765101877
578147475
921396820
420941101
763279015
947499124
658277249
264053608
186384458
636822524
460029499
556881515
573792522
704466552
982725619
669917776
322561157
315040083
952641323
220322715
393286746
6896200
407079146
821054492
49188116
919430724
888049557
695529824
279109191
253748199
786605589
826959370
440524315
708007993
856540294
421088567
698717421
818523402
335764211
490051817
315867838
121787486
559442810
240673099
40789001
322251101
685291203
692833500
70958189
834749878
740457938
315665740
371789411
59244555
490278521
39801590
569881701
179564985
929011671
37588313
4188290
45964893
96118076
238201045
572520166
383241370
339002899
61247161
461497221
984241603
429980413
844202422
118385243
80972901
280331045
641634991
563601020
768837024
101275054
971387132
44049304
59485733
163020770
385527273
934075316
253677891
441431091
136540066
714511223
565562505
845636226
256834943
359306105
975447153
310200397
595847940
501896270
599640473
701177209
1994877
705166963
412328796
529824548
471977885
473780311
419538500
312857304
45253101
403363506
851980113
107323718
66627542
240578802
547785146
336149087
220083313
776315713
772714732
321745163
416205051
154155258
724515567
603186385
930888330
464963031
860814385
186591787
233997952
654587691
543173327
740934338
25041989
791018316
607078614
5175530
617429674
240034871
97499409
435033689
967566787
370167249
707901278
785969798
279840860
345651511
971143882
287939261
547022397
381984048
310990486
3965013
318920512
641806037
602532579
846871188
296274941
439421063
175117060
789655183
754427419
298510007
351447426
1404852
354257130
709919112
774095347
258109792
290314924
838739640
967794197
774328020
516450223
807228459
130907127
69042706
268992539
607027784
483048100
573123977
629296047
831716064
292728161
417172379
127072912
671318203
469709311
610736818
691182940
993102691
677388308
347879293
373146887
94173060
561493007
217159067
995811141
208781335
413373804
35528936
484431676
4392281
493216238
990824757
474865738
940556226
355978176
652512571
661003311
974519186
610041669
194602510
999246689
193095874
385438430
963972734
313383884
590740495
494864867
580470222
655805304
892080823
439966936
772014688
983996305
740007284
464010859
668028995
800068842
268166665
336402165
940970995
218344141
377659270
973662681
324984618
623631910
572248431
768128765
108505947
985140659
78787251
142715154
364217559
871150272
106518089
84186443
274890975
633968393
542827754
719623894
982075535
683774950
349625421
383025785
115676984
614379753
344436483
303252712
950941907
205136512
361214924
927566360
216347630
360261613
936870856
234003311
404877471
43758246
492393963
28546165
549486293
127518744
804523781
736566299
277656365
291879022
861414409
14707826
890830061
796367941
483565929
763499792
10565499
784630790
579827072
944284927
468396912
881078744
230554386
342187509
914929404
172046303
259022003
690090309
639202614
968495530
576193660
120882836
817959332
756801493
331562304
419926094
171414485
762755064
696924606
156604262
10133123
176870508
363874139
904618786
173111697
250842173
674796043
600434252
875664540
351763318
579191169
510145649
599482460
709110562
17703570
744517702
506738967
757995629
22730211
803456051
629642306
62740649
755123604
572987850
901099297
375186430
651472150
678130723
7733582
693597887
394929349
483456578
361842498
207141567
776125632
759392824
294911266
349215349
993341964
335899263
665140483
666180222
997500920
661182048
319865002
300912045
921689092
144290215
210269515
564829245
339927998
244685234
829298466
903282159
635862770
175007685
985878140
146763951
279406035
705576021
690558070
86692147
863942364
814576868
493096086
800769033
94634138
990037309
74708742
139454786
353618314
846691414
47001128
940693670
928388461
797470578
523329603
844129777
211589143
267308056
746205255
759718559
265642359
291003270
847648899
986301061
820251007
626803061
73857115
774517291
622891690
20300657
663493004
347286658
358066313
63419277
484904867
33229004
551362875
135954747
823272369
782499478
388271311
559042093
506355490
571753066
649861615
871476289
392814179
657104640
707023452
71151530
849326512
769804547
388935592
547675724
484287033
516249783
516786592
549822960
616432505
782687963
181808417
146304790
474417997
95140777
664699551
424539872
513779288
452098441
417976163
288050760
994077683
276206112
546489900
369185905
284861703
938909311
162680311
264269926
691220163
646710245
984640646
615991523
216623678
49238872
315101422
679441716
673984847
27411396
728807639
485026667
698860966
882748592
464358136
811464857
87287836
986040529
59368880
104778282
268925444
642629170
554183777
750996717
56177197
863351111
782879412
429109921
641099247
711308408
63716049
838740506
741197054
321134600
383466247
88067087
559600421
207267922
974136265
155540438
285217134
725974706
737166539
200307770
137782072
475871914
89525893
654923700
399373286
453670265
306713809
67097876
440909561
948916998
338743543
626404077
591551690
809507450
210566576
230640595
671847766
574336120
820519999
215376104
251272200
717920504
687113201
92146892
871406985
834960855
541328681
917618210
376565087
670748377
718061834
106872031
931805896
970483816
872773514
716030830
304835160
325701143
956237446
238176021
432589481
103354976
639299433
381953835
403207096
188368020
779943136
748254285
276451692
301157662
878767016
58691680
996150376
50992418
98135205
247262828
592660861
432584543
457829940
348244416
154318765
656881946
468082650
593047239
654177121
901401474
456980055
815361577
87703195
990767967
69239115
129246190
327731495
784709180
897149848
579008862
55167558
689343978
433855507
557054985
547965470
652985918
853937299
360860502
575658296
512177087
600012463
712202006
24416461
761034928
546486310
854007541
254501378
363010290
980521958
324054192
628630335
581314855
791260038
163834917
118929865
401694647
922319159
246332951
414985054
76303052
567591158
211485361
990561880
192609107
375780087
944169281
264118635
472406544
208931716
890269976
989471661
869213284
727898215
325009700
377917608
80844909
539607426
160059754
859726934
879513615
618754150
117021901
852797952
822617798
498033534
818684859
135403238
89491328
314385894
718263116
750912119
220087340
191086792
602260924
395608633
393478183
182564992
758608167
699781319
158170791
16122894
190416579
396956052
984328683
365613404
715555484
796724365
309004200
414732758
138469709
691672176
521814054
735300277
992414601
720129465
432673517
585476492
603626494
792729473
189085426
170900318
530886062
232672435
996230932
225134285
446499495
118133268
682766031
483665323
650096670
783858656
217813968
219486585
656787138
533060854
722908839
978878525
680665875
340210261
361086390
62383034
485852458
34087943
554028344
142144624
838317592
818779801
475877180
770534154
16945474
804425102
625795671
56016430
737828531
531673485
801175494
134024459
69224405
272473269
614170943
500815148
615801232
732417605
80636428
893690461
868017343
629725133
127467595
884660323
896788234
678236777
253261774
184760318
622782410
430325131
483432665
397190454
277813566
952817586
183448724
319715027
822878778
965472576
753823916
473120394
700064697
873249781
446564245
766378264
979320766
725019782
429360316
583740407
596841123
777422646
151686401
80795441
313277283
707350007
727977290
163304573
54586429
272477431
599541291
471560006
542661296
556882591
656426471
869735526
395897509
661530537
718958576
99447675
917853926
935155520
788164952
511485410
811135765
133756926
78649610
291056146
660761902
612579943
885921781
384423491
654768756
693960996
42690734
779342464
601375655
982093767
565563175
113220103
792003381
697226858
186457083
70141017
326739117
723619251
773977612
271574461
317126527
905827515
128781543
163390594
455562731
74516049
604594829
283705700
172006222
627718144
427442503
482603143
392648782
267900700
928450182
124801050
178052275
480905600
139863468
760632536
661128533
82889588
826907709
736704999
300317693
337340378
974998449
287337262
549672966
386683187
323039333
32761846
388563025
809887896
8338803
826565502
661469800
149505088
960479976
70465026
101410021
273285068
647980157
569245375
786470900
142187161
70845215
283877591
638600397
561078378
760757146
82592656
925942458
934477565
794897574
524272699
843442965
211158615
265760188
742678991
751118163
244915303
240948762
726812827
694574409
115961631
926497671
968956966
864411589
697780130
259971835
217723793
695419421
608562628
912544670
433651954
779848571
993349089
766546735
526442545
819431818
165306167
150044145
465394457
80833052
627060561
334954167
296968888
928891943
154752760
238397456
631547672
501492793
634533251
770559288
175651813
121862907
419377627
960618161
340613935
641846024
624305976
890457969
405221900
700901762
807025417
314952582
436930574
188813723
814558020
817929756
450417518
718764785
887947081
494658933
877264940
249188799
375642531
473854
376590239
753654332
883898896
521452110
926803109
375058314
676919730
728897767
134715250
998328267
131371770
261071800
653515370
568102533
789720429
147543377
84807176
317157729
719122634
755402990
229928600
215260183
660448966
536158108
732765175
1688444
736142063
473972563
684087182
842146920
368381008
578908929
526198859
631306640
788812132
208930890
206673905
622278700
451231298
524741289
500713869
526169020
553051902
632272817
817597529
267467861
352533244
972534349
297601928
567738198
433078317
433894825
300867960
35630738
372129436
779889610
931908649
643706894
219322423
82351733
384025889
850403511
84832897
20069298
124971493
270012284
664996061
600004399
865004852
330014089
525033023
380080128
285193272
950466672
186126602
322719869
831566340
985852542
803271410
592395348
988062099
568519532
125101149
818721830
762544802
343811420
450167635
244146683
938461001
121068671
180598336
482265343
145129015
772523373
690175754
152874867
995925488
144725829
285377139
715480107
716337346
148154785
12646909
173448603
359544115
892536833
144617767
181772360
508162487
198097327
904357141
6811595
917980331
842772250
603524817
49821870
703168557
456158977
615486504
687131978
989750453
666632870
323016179
312665221
948346621
209358449
367063512
943485473
254034444
451554354
157143145
765840644
688824426
143489482
975803390
95096248
165995879
427088006
20171884
467431774
955035432
377502624
710040673
797583963
305208585
408001126
121210830
650422786
422056395
494535569
411127526
316790614
44708747
406208108
857124963
120458020
98040996
316540012
731121020
778782045
288685096
356152230
989549
358131328
717252205
792635731
302523653
397683030
97889706
593462442
284814583
163091601
610997785
385087164
381172106
147431369
676034844
499501050
675036937
849574917
374186757
597948424
570083598
738115613
46314810
830745233
707805269
246355757
200516776
647389309
495295387
637980076
771255532
180491126
132237777
444966680
22171130
489308940
789003
490886946
982562895
456012722
894588332
245189372
384967069
15123503
415214075
845551653
106317367
58186380
222690127
503566634
229823388
963213410
156250194
275713791
707677776
691069336
89816434
870702204
831220835
533143860
897508548
328160942
553830425
435821785
425473988
286769754
999013496
284796732
568606953
422010631
412628208
247267040
907162288
61591602
30345485
122282572
274910629
672103830
619118282
910340387
439799042
789938464
19675956
829290376
678256701
185803764
49864222
285532208
620928638
527389477
675707585
878804640
433316851
745438335
924193514
593825349
111844198
817513745
746871681
311257093
369385860
50028806
469443472
988915750
447274958
883465659
214206262
311878176
837962614
987803397
813569394
614942171
43453722
701849615
447152945
596155498
639463934
875083359
389630638
654344628
698319887
50984388
800288663
651561707
103412063
858385833
820183722
498753263
817690241
134133731
85957696
306049123
698055942
702161000
102377928
906916856
916211633
739340108
394891835
529123771
453139370
435402504
323944371
83291239
490526849
64344930
619216709
302778341
224773384
752325109
729423595
211172285
151768158
514708601
181185353
877079307
935343960
747767213
430878372
609523950
649926265
909376473
468679197
846734860
162148903
171032659
504214221
179461094
863136409
905733905
674604205
254942301
184488800
623919901
432328595
488577084
409482756
307542589
24567927
356678443
737924813
832528062
402980923
638489901
679960718
998411330
676783364
351978044
380739445
113456927
607653299
328763518
265180328
859124174
983428669
825981498
635391651
96764786
828921223
754607225
338135659
430878536
199892724
830663984
861220685
553105340
967431358
487968042
943367435
374702898
692773224
760249339
213271888
186793108
586858104
360509309
307876715
976262739
260402179
497067090
254536352
6139787
266815926
539771639
346359197
232490026
811339249
855168517
521676269
898521048
318718351
535957743
390633830
317225396
25084615
367394626
759873867
887142353
534158559
955459464
445077473
845614403
136306265
118226926
372760117
863747160
100254423
64255999
228766421
521788841
272344096
66477026
405298148
877073322
159444778
195962871
551370520
298703904
148778321
596260546
341299406
278859351
899018108
76895553
52809207
182513967
417837141
18188242
454213625
926615492
307444595
541504675
390453938
322412544
35279019
392970582
821220183
35410934
892042051
819495029
531032095
881559212
294150505
469860215
233870928
937602071
109075056
155752176
420579408
996910992
414401378
825713741
65828846
957371433
980571705
918514829
817601349
553717513
925036368
403790235
732616831
869023890
470664597
810353077
91370737
993094551
77559825
148214194
373988213
896190620
166369439
228929491
624228421
477386326
579001066
635388451
849777961
334944359
519666672
374277696
268222057
910721810
89665663
90053129
269771921
629596971
528965856
687528676
904023201
495575064
895173322
285921694
467016703
219955093
906926889
33808857
974544603
982898056
940340701
863579444
667499575
198578580
64656728
327892036
720440800
768773629
257988044
284749710
827487464
939724631
706936712
353598041
414132787
181863608
777860003
737583607
253027203
243638006
740303215
724244429
188792059
101828540
392449139
886726818
165902761
218532333
602967427
424467180
451901780
328270733
108443239
545157211
198757654
942672519
84102678
110877868
305858414
722594696
751047799
224690280
200428352
625546984
451522313
528591603
508705512
546002620
600710745
747424103
95558937
938541977
972642884
883827731
740298332
364424381
469147087
302718548
74584176
451886900
978357976
408602838
795563645
999730121
795023873
589777853
974579572
538936983
52453524
643844031
340141579
324127182
988395943
300919054
590234044
481387135
553008307
587403742
727815784
43035296
813886376
670808041
155502444
981812929
119128288
220069498
559267284
338604059
236475395
811554849
859585086
530725007
921035093
372795179
666625444
706046060
78717550
863481160
805679863
474840872
755361600
985564065
726489716
438543483
603576675
645696826
894970320
435637452
766245217
968127879
702500961
373129787
448760528
270650836
990062200
250775222
491612637
234000489
959613615
153227705
266069018
685365741
636800493
958966720
554733919
68434544
691603007
451640551
594884102
641408748
877701591
396811916
671325416
739462741
150250884
39964502
230179888
500324278
230828437
961981152
154790727
271562599
697915925
667394442
32704795
732804032
498312852
729429729
957172303
643774321
244720931
133216176
511153283
155522735
822198753
799920234
422039207
643998641
710036482
64071591
838179664
740430912
319041474
378513853
76069173
530652199
137373564
805399327
748172211
301743735
351659674
5063076
361785826
728634728
819055275
366745264
552545796
471836849
496219487
464275816
424771112
313818033
52407171
418632375
889671921
197976203
285624320
769224843
824073999
417372827
658819646
735012112
128843856
992699824
114243490
221186797
556617084
334420958
225458993
785338944
796136874
377612678
551362223
480337117
512036450
504410010
520856463
546122929
613102314
772327550
157757400
87842343
333442086
754726515
842895109
440516719
723928540
888373792
500676110
889726005
280128106
449982210
180092519
810167248
800427008
411021250
622469501
655960245
934389984
524740199
983870375
492480935
968832238
430145397
829123025
88391433
5905884
100203201
206312286
512827773
231967825
976763423
185494657
347752730
881000117
109752950
100506010
310764970
722035950
754836863
231709662
218256180
668222022
554700217
777622449
109945101
997512651
104970389
207453422
519877233
247207881
14292988
275793857
565880702
407555254
380991203
169537653
720066509
609670664
939407830
488486310
916380443
321247182
558874800
438996775
436868343
312733454
62335244
437403942
937143128
311690184
560523489
432737155
425997792
284732732
995463256
275659230
546781709
369222641
285226984
939676609
164580188
268836978
702254144
673345259
48944648
771234555
591413751
954062050
499537837
953137717
405813257
764764224
935341698
635447606
206236896
47921391
302079678
652080747
606241165
864563070
335367291
535297645
405962574
347222786
100408139
548039064
196486260
941011584
78509414
98030405
274570224
647170853
568911923
784994692
138901293
62797271
264495835
591788941
448073710
487936354
423946411
335829169
95604742
527038653
149682041
826402735
802487504
431377729
665242955
761863632
188970205
139804035
468578275
76960578
622499431
321959433
266418290
854796013
976010309
806816617
589643529
986103668
561850851
109805356
781461563
672728475
126918499
926565473
980049438
886664335
753378094
393420509
540219105
473858712
487936522
449731749
387400013
224531768
836463549
897458859
631381253
160221351
951823955
63869247
79562442
222994131
525550704
274095532
73741761
421579054
916899869
255378778
427657418
110693607
649044632
408782864
466610353
342003563
150617472
643238507
437094479
517427458
471949388
461326227
394601835
250529890
895661615
41853106
979367827
588746
980545319
961679377
903904059
769487481
442879007
655245488
753369976
161985426
77340821
316667068
710674957
738016975
186708893
111434754
409578401
930591556
270761499
472114547
214990586
902095719
19182010
940459739
900101481
740662687
381426841
503516362
388459558
280435471
949330500
179096457
307523407
794143271
895809942
585763141
67336210
720435561
508207325
736850204
981907726
700665642
383238996
467143627
317526243
102196106
521918455
146033009
813984473
774001948
361988355
497978651
357945650
213869944
785685538
785241013
356167550
497576106
351319755
200215609
751750973
703717548
159186055
22089651
203365357
428820365
61006080
550832525
162671123
876174771
915020658
706216073
327452790
361121646
49696075
460513796
970723667
401961116
774645892
951252893
677151664
305556207
288264071
882084349
52432755
986949859
26332459
39614770
105561999
250738768
607039535
464817831
536675190
538168204
613011591
764191379
141394335
46980042
235354419
517688880
270732172
59153217
389038606
837230429
63499450
964229329
991958101
948145517
888249121
724643745
337536597
399716932
136970454
673657840
484286127
642230087
768746294
179722661
128191609
436105879
403360
436912599
874228558
185369701
244967953
675305607
595579160
866463920
328506986
523477885
375462749
274403376
924269501
122942364
170154222
463250808
96655831
656562470
409780764
476123991
362028739
200181462
762391663
724964781
212321211
149607196
511535603
172678395
856892393
886463174
629818727
146100614
922019955
990140517
902300975
794742453
491785867
778314180
48414213
875142606
798699418
472541428
743782267
960105955
663994163
288094267
240182690
768459647
777101977
322663587
422429144
167521868
757472880
682467621
122408108
927283837
976975775
881235373
739446507
360128373
459703246
279534858
18772955
317080768
652934491
622949743
898833970
420617669
740069301
900756264
541581815
983919887
509421575
2763023
514947621
32658258
580264137
193186525
966637187
126460885
219558950
565578785
350716513
267011804
884740121
36492032
957724185
951940395
861604961
675150303
211905553
98961402
409828357
918618116
247064575
412747259
72559086
557865431
188289941
934445313
57180553
48806412
154793377
358393166
871579709
101552570
74684842
250922254
576529350
403980947
384491237
172963414
730418065
633799537
998017132
629833787
257684692
145203164
548091020
241385197
30861407
303108011
637077429
577262862
791603146
160469140
112541419
385551978
883645375
152842714
189330796
531504306
252339401
36183101
324705603
685594307
695894210
77382713
850659636
778701978
408063578
594829127
597721825
790272770
178267351
146807465
471882281
90572020
653026321
396624655
446275624
289175896
24627409
338430714
701488837
741408381
184305585
110019544
404344673
918708890
241762439
402233761
46229954
494693669
35617285
565928239
167473756
900875751
969225251
839326239
647877715
135081655
918041025
971163698
860368407
691900498
244169389
180239269
604647927
389535116
383718152
156971413
697660978
552293362
802247695
156788738
115825164
388439066
892703296
173845644
240394577
654634798
549664166
753963123
57590398
869143919
795878229
460900363
717678948
896258252
510195438
916649121
343493666
603636446
550766551
705169541
961105626
627380779
215867170
59115112
334097394
727309900
788717187
304744260
398205700
101155653
600517006
302189658
204896315
711982288
628860884
969704049
568268968
106241971
780752910
667747784
116248464
900244712
916737881
733720460
384178787
502078027
388334834
278747688
945830210
170408094
286646391
743700876
774048136
291797134
357642397
7081921
371806239
750694399
873195030
497084445
867363913
231812257
330988420
893789097
118566600
130922290
380411180
891744650
163900466
219545575
602991616
425528800
454049209
333627211
121303624
576234459
273772535
123779522
521331579
166442673
854216925
874876516
603969943
82816388
769602719
622021819
13646343
649314505
312275346
273865190
860005726
993876635
847758982
689394585
226548138
142490854
511529846
165550539
842630924
850812380
544255670
939323713
422903082
785129870
993162815
771455486
536073773
843603025
223279809
290162636
803605081
897372791
598350649
94074075
786498799
667071666
120642117
908355900
937353910
783063706
503481308
790026315
83533924
957094163
997722243
952538635
902799499
758137619
419074723
596287058
611648832
819584715
250818248
321221204
893260656
107742502
108745653
325233808
759213269
843660339
446533933
736728198
919990322
576708828
73407964
723524756
520457469
764439687
49336829
863113345
775563512
414240355
604044215
622328778
848701764
319732292
488166341
296064967
80296268
456657503
993611274
443880037
881371341
206622705
294616744
795856193
886329123
568514425
23357959
615230343
253818638
122867612
499553862
121975329
743504520
608984362
961473237
531930822
25334867
582600556
190535972
963672500
117880958
199434409
516749776
232933954
982617684
198169308
378956293
956081894
291120067
538322021
367764102
273850218
915464538
104779280
125023091
354825462
834674015
24173478
883020971
790215413
463451783
717118972
897689720
512498398
922686509
357871402
638429306
634730007
907889313
450508619
808906544
68321693
945549930
959421546
864393008
688207548
240808090
169823721
580455532
330734778
241925081
814584940
871094954
556774834
984644615
526064050
36772701
599609452
235991598
71592641
379176880
829946401
39069668
908085737
855241135
618567993
92377107
803322207
699021514
201365221
101751949
404869119
911490187
227849479
367189138
962227755
291644634
545517016
382678659
310874327
4427306
319728939
643885184
607499300
858883777
325266840
509417450
344101733
197620909
739343551
676308004
91959545
860227094
812413726
485054532
782522783
50100084
882722951
815545979
513814895
843175762
200166405
243508565
687183535
617875628
922934784
463745182
850425141
164595450
179616034
523827518
227271063
978369644
184010337
346390311
876790959
99972215
76735382
253442979
583621340
420685652
424992637
270670919
966334475
203339855
373014178
949368211
271750586
492869376
257489331
7848031
273185393
554218817
381623020
317464850
16552713
350570276
717693265
785956799
289606849
365170490
19947822
405066134
830080090
65226300
960532690
986291673
933116022
852523703
638163414
128850517
895864448
920579406
737023246
394625884
526275007
447175891
420626782
288429448
997485678
283400790
564287251
411975285
388237814
188450906
765139626
718730151
202599914
123929972
450459858
24849681
500159220
25168114
550495448
126159003
802813454
731785904
266385248
264556393
795498034
855552454
506602928
868758303
244119520
356997336
958114192
273225706
504565597
282356893
69279376
420915645
911110666
243136963
397384585
37906126
473196837
984299800
441796423
867892639
177581687
223056006
623693699
470443397
564580486
599604362
763789203
127182754
18154704
163492162
345139028
853770218
52679450
959129118
970937679
901004462
772946589
446897626
666741834
780381287
227504394
235390068
698284530
631959121
962202765
556364637
74932025
706228687
487389392
681007464
849404313
379816076
609036458
597888985
804814421
207517813
219850040
647217893
514285819
675789524
865864860
407519230
680903313
769325849
219554997
208435836
636426669
481289167
599004996
679299152
957603293
594505724
146614727
887735178
922085076
731905316
385895694
503696697
393289081
290274852
973838785
237952408
449743594
137439589
724622772
586685126
897993017
382671146
663335302
709341743
82018774
873379291
828777349
530933975
890645292
312224545
515094375
342413288
199920944
742255176
684431289
111117740
906666769
924451271
755569297
435589851
626748992
689087828
4924634
698937096
402798819
504534727
411868266
328271252
68410763
465092778
998596319
462285402
923167116
308619620
540406349
389432311
319270964
27974232
375219428
778413088
932045597
642504268
217054119
76612499
370279117
817170733
4620569
826411871
657444304
141300465
940045234
21390919
982827072
987045056
956917170
900879382
758675920
418231208
595138329
608507859
812154040
232815925
277785883
788387691
854561258
497510193
849581637
196673453
242928536
682530525
607989579
898509676
405008917
708527503
822063916
352655321
527374551
407404416
342183376
91771161
525725698
143222550
812170798
767564139
347299062
462162256
271623567
5409383
282442333
570294049
423030424
416354890
255740197
927835284
111410751
150656779
412724309
976105397
364935089
705975568
776886218
259747990
296382191
852512372
1406921
855326214
712059342
279444884
270949103
821343090
913635276
648613628
210862518
70338657
351539832
773418321
898376467
570171241
38718935
647609111
333937150
315483404
964903958
245291306
455486563
156264425
768015413
692295244
152605887
997507018
147619909
292746829
733113567
758973956
251061465
261096879
773255223
807607318
388469845
584547001
557563840
699674674
956913181
613501022
183915211
981331444
146578085
274487607
695553299
665594198
26741681
719077560
464896794
648871141
762639069
174149265
110937592
396024449
902986490
201997415
306981313
815960041
938901388
693762803
326426980
346616756
19660485
385937726
791535937
969009593
729555109
428119797
585794696
599709182
785213053
170135274
125483594
421102462
967688518
356479484
680647479
717774435
116196335
950167105
16530531
983228167
982986858
949201869
881390582
711983019
305356606
322696224
950749054
224194318
399137683
22469677
444077037
910623751
265324525
441272794
147870106
737013006
621896111
980805221
583506539
147818285
879143109
906104496
691352087
288808656
268969392
826747440
922464265
671675956
265816163
203308275
672432713
548173694
768780094
85733868
940247830
966229521
872706858
711643223
295993290
303629796
903252882
110135546
123523967
357183480
837890927
32965320
903821567
840608447
585038447
10685327
606409101
223503522
53416138
330335798
714087734
758511259
231110238
220731728
672573694
565879109
804331905
174542905
153417708
481378321
116174343
713727007
543628350
800983700
145595736
92175165
329946066
752067297
834080653
420228589
674537824
769304230
213146270
195596763
604339796
404276348
412892485
230061311
873015107
976091518
825198129
626487762
78173639
782835040
643843712
70522450
784888612
640299667
65487932
771275531
608038987
987353498
582745969
152845422
888436813
929719041
747874881
425468789
598812452
623093686
844999817
313093306
471186422
255466143
982118708
219703545
421525791
62755120
547036031
156827175
860690381
878207930
617106227
112420370
841946967
796314297
434575547
665465384
765506308
196477986
158462273
513402532
185267330
883937192
953141707
790220592
533582877
857386339
248355541
354097414
956550369
267198138
490946638
249091407
989129452
227350297
443830039
115010368
673850775
462711911
599274590
661261084
921796751
504854572
931505888
367866334
667238549
702343425
71925385
846194195
764313768
374821717
513957195
402736100
319429388
41594869
402619126
846833121
96285354
39403822
175092998
389589818
954272634
298135072
550542771
399220607
348983978
97188556
543361090
183910729
911182548
6275811
923734170
853744144
631222444
116189018
863600480
843389971
550380408
944150780
438681954
821514681
81711302
984937285
51585858
88108994
227803846
543716686
315237211
174191101
663619413
501429920
666479246
834388405
335256042
504900482
345056999
195014473
735085945
665186356
65458643
796103642
657665920
111435468
880536856
872509173
625555188
123619535
872794258
869208044
611210332
91628694
794467720
680564127
155595960
991756047
139108040
269972120
679052280
628076673
935205619
498487897
932181406
362850695
657882789
678616266
15115307
708846880
432809060
574464993
581739039
737943064
57625153
853193370
764011886
381217128
526446135
434109391
394664910
223439204
841543318
906525833
654594970
215715759
86026481
387768721
861563923
110896553
83357022
277610597
638578216
554767022
748112253
50991514
850095281
751182069
352459405
456100872
264661142
985423156
235507440
456438029
148383491
753205011
654793506
62792009
780377524
623547050
27471610
678490270
384452143
447394549
279241234
5877010
290995254
587867518
466730283
521328077
509386430
540100930
589588283
719277489
28143247
775563983
579271206
934106388
447483968
829074317
105632588
40339486
186311560
412962606
12236765
437436136
887109037
211654196
310417422
832489040
975395495
783280016
541955513
867191035
276337569
419866166
116069894
652005954
420081795
492169537
404420862
301011254
6443363
313897980
634239323
582376619
798992554
180361713
159715973
499793659
159303284
818400227
796103731
410607675
617319074
645245816
907810699
460867200
829545092
119957370
69459825
258877020
587213865
433304743
453823344
340951424
135726185
612403794
360533766
333471319
27476397
388424113
804324623
997073352
798471313
594015964
986503234
567022418
120548056
808118530
736785109
281688734
300162570
882013874
64190304
10394475
84979254
180352983
445685220
71723416
589132052
249987513
89107071
428201655
945510381
319222403
583955180
487132756
558220685
603574119
765368916
134311937
33992783
202297503
438587789
79473074
597533937
274540941
146615812
567772565
282160935
132094428
546349791
224794003
995937797
216669583
429276956
75223488
579723932
234671345
49066615
332804575
714675765
762156098
238987947
240131985
719251917
678635812
76523527
831682866
739889252
311461356
362811957
37085263
436982483
911050229
259082927
429216076
117515072
664246220
446007505
556261223
558529944
673321104
905172145
483665380
872502898
228671162
329845215
888361592
106568385
101498355
309565095
720628545
750822178
222272887
195367945
613008777
421385492
455779754
332944993
121669733
576284459
274238644
124761740
523762124
172285981
868334086
908954146
686242364
281438860
249120077
779679014
808478098
396635196
601748483
600132155
802012786
204157713
210328205
624814123
459956444
544727004
549410445
643547887
836506212
316560297
469626799
255813888
981254575
218323024
417900616
54124249
526149114
106422470
738994054
584410571
907815189
400040935
707897052
815835032
339567102
494969229
329505553
153980328
637466209
428912739
495291680
419496092
334283857
88063799
510411455
108886702
728184859
565256413
858697678
282651755
424001181
130654110
685309401
501272905
687855204
876983306
441821802
760626903
963075601
686778091
336631769
360041622
56715006
473471634
3658267
480788168
965234603
411257360
787749316
986755985
761261272
509278515
779818295
68915091
917648477
904212038
726072539
356357102
438786736
233930567
906647870
47226293
1100449
49427191
99954831
249336853
598628537
446593920
491816370
430226653
352269669
134765984
621801637
378369251
378540132
135449508
649439148
434327797
518094735
470517260
459129248
388775749
236680739
862137227
960955186
784047585
529050342
842148262
213346852
268841959
751030770
770903492
292837740
356578965
5995663
368570291
743136245
854842774
452821779
760486325
973794422
708075155
389944718
487964584
365873879
219712335
805298549
830309426
465917387
762144193
990205766
742555711
475317174
693190052
861697271
416584580
694866424
806317421
307501252
421319918
150141081
721602080
593345234
908292541
409930302
728153138
866236571
460626266
787489096
35604444
858697984
753000405
364698780
482397958
329494689
141387329
612269347
365926016
344121372
54168753
452458878
959086509
370631882
700350266
771332407
243015066
257362532
757740130
772842785
303425686
379694150
62813979
505322108
73458188
652238484
377935149
408108775
194152692
796414159
786981003
370376151
527733298
425842740
379418771
184680275
748779321
682238910
113257127
908753164
930763448
770280046
471323526
712927091
897177701
507282479
911742652
330767769
573278183
477324128
527926432
533176985
594280395
721737768
37755917
797249602
632255114
61759816
755774746
573309301
902393341
378095969
658585272
695266506
49118270
793503046
636124355
65751742
767627839
601007413
969642658
540292715
50228074
640748863
331725793
304200442
940126677
184453782
309034234
802522250
914078727
630679690
175438093
981555876
138549831
258655531
655860893
570377310
796615506
163608308
123832115
411272538
946377191
304026906
554430996
412888891
380208771
173306426
726821623
626949665
980720946
588391543
157504018
903399579
964303169
832005903
628314961
88635811
805586583
699808970
205204509
110217981
425640471
961498923
348638303
658775522
666189340
991154195
648497716
288149613
224796935
737743483
700283894
138311257
976906408
92124059
161154519
414433097
990020713
394474509
778969724
952413950
683797610
320009156
323815915
967640986
259097873
485836725
230771316
947379357
125530016
198439382
522408780
243256935
8922643
261102221
531127085
323356384
177839846
679036076
535911991
750860051
37632079
826124209
689880490
205885175
101650833
409186841
920024515
249235857
418496222
86228294
590952810
268133907
127220617
522575141
172370892
867316925
907004735
681326381
269657483
220641340
710940163
642521659
995983474
634488593
264960646
164409878
593780402
351970675
297721745
947414165
192550061
332514280
857578621
47671508
952921637
953514775
859951173
673417107
206785373
86987846
380761065
848509976
77781003
4071975
85924953
175921881
437768715
51459304
540687323
132833943
806355209
745544354
297443903
340432153
978308209
297048557
572405316
441859182
456123673
354106521
164336708
682779937
529896575
742573080
15042721
772658522
560359758
893378031
347115806
587609636
522335071
632279771
786894606
206068969
199032537
604134043
407300616
418735268
244771145
908277558
61326247
30930045
123186337
277302719
677791775
632886262
943564292
520014832
983593949
487202716
957999374
403201450
764402267
932005977
628414207
188834377
6082954
201000285
408083524
17167326
442418176
902003678
246425518
394854707
36134925
467124557
970384039
407892621
786169274
980231162
746631584
473494316
693620209
860734727
415089649
690914018
796917678
284749360
366416391
17582135
401580661
820743457
43067561
906878579
856824712
620527989
97880676
816289341
730459351
277208029
284875402
846958833
978793061
804544941
587882929
980310792
548504499
77319776
703144051
483607871
670359786
824327436
319014644
462356717
243728071
949812859
143353775
236520402
616394579
469309553
555013678
579336902
713687475
6711838
727111151
460934133
648979410
758892946
166765288
92423515
351612318
795648151
942908613
681465363
305839325
293144006
892127337
77398666
46924662
171247990
389420642
950089274
289599176
529287619
348174407
225636426
799447259
824530937
448509119
721549168
891607448
504764050
901135541
307035118
515205770
337446651
190099065
717644781
625388620
968422014
562232634
92887268
748007170
588901601
925810365
440522317
806854992
54232287
915319566
884871412
685062376
254996150
195054669
645105488
485265638
615636757
716539145
48715033
813969211
676653448
167276093
11205627
189687347
390580321
970847989
332276285
635400552
603077382
841555309
286187986
413931274
114050527
642032328
398115176
438262673
274640515
987543703
249727907
486999510
223726920
934453350
92633606
119720555
332074716
783869987
899814683
583499339
66813347
717126033
501065406
719256838
939579075
598414974
136409009
871232992
878874986
628982950
136840872
902664694
942170253
787005186
516180611
819366401
154913399
129193192
413299783
955792758
324885285
605563321
536011920
677587154
891186221
459959582
811105378
82170324
975446026
33062362
41570743
116203848
273978439
664160726
602299884
868760487
339820844
548402168
436625173
421652507
279930180
981512867
242955900
467424660
177805213
823035086
823875378
470785828
765447027
1679868
768806763
539293387
847393530
234080433
315554389
865189211
45932797
957054805
960042400
877139591
714321568
305782713
325886987
957556687
241000347
439557374
120115088
679787550
479690181
639167905
758025984
155219859
68465695
292151249
652768193
597687628
848143442
293974498
436092431
166159353
768411137
702981620
174374363
51730339
277835041
607400421
492635876
592672166
677980201
948632561
575245309
99123165
773491639
646106436
65704497
777515430
620735350
18986116
658707582
336401273
331510121
999421515
330353137
660127782
650608694
961345163
573299006
107943161
789185328
686313810
161812934
9939671
181692276
373324223
928340722
230005653
388352021
6709688
401771397
810252482
22276347
854805176
731886692
318578546
369043777
56666093
482375963
21418012
525211987
71841979
668895945
409633862
488163662
385961179
260086013
906133205
72352409
50838016
174028441
398894898
971818237
342531358
656880946
656293243
969467425
595228079
159923569
915075217
990073996
895223195
780520372
456263925
693048215
842360348
377768897
597898135
573565160
745028448
63622042
872272532
808167099
488606716
785380524
59367750
904116024
867599791
639315592
146230961
931777514
9785975
951349464
912484896
776319242
465123366
706565967
878255293
463076539
804408364
71893253
948194870
968282986
884760828
737804628
360370070
458544761
277459585
13463924
304387433
622238790
548865006
719968795
988802589
697573959
383950493
465474938
314900362
95275655
505451672
106178992
717809656
541798297
801406243
144610769
90627774
325866317
742360408
810587126
363534646
537656411
438847461
415351326
269550106
954451538
178453168
311357867
801168902
913695664
628560216
170816082
970192380
111200828
192594029
496388886
185371794
867132474
919636735
706405930
332448581
371303085
75054744
521412573
117879883
757172339
632224554
21621433
675467420
372556266
420579945
213716149
848012243
909740628
667493485
244727584
156948646
558624876
274198391
107021651
488241693
83505030
655251753
394008529
443268804
280546130
4361057
289268244
582897545
455063327
493024192
441111704
375247593
191606883
758461359
708529594
175520533
59570653
294661839
648894331
592450494
833795312
260041104
353877513
967796130
289469759
546735641
382941034
312617702
8176431
328970564
666117559
661205675
988528902
638263465
265055818
168375094
601806006
371987099
345780197
63547486
472875169
9297817
491470803
992239423
475949635
944138686
364226993
672592665
709412316
91417283
892246882
875911040
644068948
164048922
972166792
108382492
188931769
486246030
161423822
809093674
779611163
368315986
516243128
400802235
317847591
36497410
390842411
818182232
27206861
872595954
772398762
417393464
607185683
631764823
870715322
373195453
617106221
607407888
831921990
271251854
374425691
20103229
414632149
849367527
113367189
76101898
265570985
607243868
480058714
567361289
614781285
796923852
208628975
214181795
636992565
488166918
613326394
714819699
42965778
800751255
644468281
89687803
823843887
737375570
298595013
334565589
967726191
270017957
507762098
285542146
78846383
443234912
965316207
373867312
713050824
799968953
312988716
425946378
164881465
755709308
676300074
108309442
892918958
894147351
681213646
256574629
194362897
645300423
484963736
615227888
715419505
46066884
807553273
661173423
129900105
920973633
971847364
864668347
701184044
267036421
235256879
737550179
710357230
158264625
26886473
212037571
450961615
113960794
678883203
471727193
622337582
716402350
55142268
826686886
708516033
243718938
195953902
635626742
467207379
570041493
607290358
784622202
176534748
137691691
451918130
41527944
534974018
111475973
757925964
627327894
12581738
652491370
317564471
287620305
892805081
73230453
39265980
151762413
342790806
837344025
17478842
872301709
762082253
396466201
555014648
506495490
568005621
642506725
853019064
348544839
550108735
448762302
447633332
344028959
135691243
615411445
366514126
348439690
63393499
475226688
13846868
502920424
19687709
542295842
104279386
750854614
605988607
962831821
531652235
26136277
583924789
193985848
971896485
137778804
247454086
632686976
512828031
658343031
829514086
317371189
464256457
245884096
956024649
157933380
271891402
701716184
675323763
52363696
780051155
612465999
4983139
622432277
249847686
122127642
494102970
110333575
714770120
539873808
794517729
128909252
52336226
233581704
519499634
272580965
64661557
401904079
868469715
138843495
146156698
431156891
8470473
448097837
904666147
257430117
419526374
96482858
612492090
321467031
255426145
832319321
920064780
672448867
264962500
202373860
669710220
541794293
753298799
48391877
850082553
748556976
347196491
442949951
233096386
909142723
51381818
11906352
75194522
162295396
399785314
961866024
323517348
608900713
541318767
691538240
924395240
540328706
5052638
550433982
105920595
762275172
630470932
23217022
676904976
377026967
430958903
238944766
908848435
56641622
22131672
100904966
223941604
548788174
321517945
191824057
705166059
602156168
909478388
421112930
751704241
924521405
600747037
126015465
852777967
831571392
515920737
863412859
242746441
348905734
940557909
230021538
400600978
31223487
463047952
957319391
377686720
712692824
803072361
318837532
440747418
200332361
841412140
883156634
607725394
98607408
804940210
708487821
221915838
152319490
526554818
205429119
937413056
80255217
97923483
276102183
650127849
576357874
802843590
182045040
166933663
515912366
198758388
913429142
25616658
964662458
954941567
874545578
704032709
282610982
269254666
821120314
911495287
644110874
199717021
43544909
286806839
617158587
521124006
659406592
839937183
339280944
518499064
376279065
271057187
918393439
107844051
134081534
376007119
886095772
148198649
182493063
513184775
208862606
930909987
70682566
72275112
215232790
502740692
220714167
944169026
109052205
162273429
433599063
29471548
492542159
14555859
521653877
57863606
637381089
332625777
302632636
937891049
178414720
294720482
767855684
830431843
428719356
687870548
804460445
296791424
398043286
92877989
583799264
260476510
104752277
469981064
44714398
559409860
163534111
886478082
936490268
759458604
455407462
670273521
795954497
262182501
320319492
902821485
125962448
154746374
435455196
25656759
486768714
999194187
485157074
969508328
424173716
817855753
59885208
937626169
935137539
807901233
550939991
909781208
370502393
650785987
672074360
994934700
661943746
318822178
299588095
917998368
135584817
189167995
513920807
217009602
947940011
112889610
173719224
460328058
94375333
649078724
392532774
434144265
260821297
955786859
172395001
300576854
773548709
847674265
468897225
785468708
39834627
865137962
770110544
405359036
580828609
567016247
714861096
996738432
708337946
413414310
535166559
483747421
502661394
489070202
480801791
450673777
382149338
214972446
812094230
839160899
490416014
819992920
130401840
80796593
291995026
664786645
621568309
907923256
437414807
782752863
2920519
788593901
580108314
948810522
477729344
904269203
286267736
476804668
239877065
956558798
152994647
262548085
678090817
618729712
915550234
449830166
815210559
80251270
975713099
31677454
39068000
109813454
258694908
627203270
513101441
653406145
819913724
293233579
406380875
105995322
618371519
342738353
303848218
950434789
204717782
359870346
924458474
208787280
342033027
892853334
127739681
148332689
424405059
997142807
418690659
834524118
87738881
10001873
107742627
225487127
558716881
342920882
244558638
832038158
908634947
649308038
207251009
63810049
334871107
733552263
801975626
337503501
476982621
291468736
59920086
411308908
882537902
176384698
235307291
646999280
529305844
705610961
940527759
586666465
113860675
814387815
742636298
299660397
341957085
983574567
309106205
601786970
512680138
627147239
766974609
161096443
89167488
339431419
768030326
875492064
519014440
913520937
346056300
605633530
557323353
720280229
997883804
716047823
429979436
576006688
581992805
739992291
61977373
863947037
789871440
443689903
677251239
798192374
273635973
345464313
964564599
274593497
513751586
302096662
117944903
537986468
193917832
925822132
45562082
16946289
79454660
175855609
431165878
38187358
507540594
53268539
614077672
281423876
176925417
635274710
447474830
530224363
507923549
546071454
600066450
746204347
92475130
931154607
954784337
840723267
636230857
113184967
862600791
838386542
539373861
917134257
373642361
664418972
702480298
69379554
841239406
751858359
344956110
441770572
228497247
898765066
26027365
950819796
927666950
806153682
539974300
886102275
312178836
510459940
333098709
176657351
686413411
549484166
785381736
120247624
25876977
172001578
369880133
911761844
193403807
298569451
790542709
879654862
549852419
979359693
508571791
996503268
501578313
999659887
500898073
1456019
503810111
9076234
521962579
53001385
627965349
308932076
245829494
800591064
847011615
494614280
836240168
167094602
170429365
507953332
186336022
880625376
947586767
775798896
499184545
774167979
47520489
869208957
785938396
441085735
668109859
777305446
222720737
222746913
668214563
559176032
786566620
132309258
51185129
234679516
520544161
275767831
72079816
419927463
911934742
243796933
399528601
42854128
485236857
13327835
511892527
37112882
586118291
209349457
4817198
218983853
442784904
104553654
651892212
408338071
468568347
345474758
159517856
664510470
488538789
641588041
771714864
185017755
141750367
468518489
78787338
626093165
330973661
288040480
907054621
102149708
111354030
324857768
761069566
846996893
455063338
757123562
969310455
695744458
360799357
417343165
195485680
808314525
812114723
432543957
677202630
786949210
251101036
289151275
829403586
947958440
725320452
398599330
522519105
443637533
409794164
263225854
936245872
135717584
207681033
551079650
309840326
170760295
651360916
473482120
598325149
670132411
938589964
547312325
33214600
613741525
260697643
135136804
530971251
197079299
925129849
47338983
19807808
86954599
193717006
474388611
142494221
759377053
661248320
81873679
824995678
731865028
288725720
309316461
907358642
124033731
155426097
434885925
25197940
485281805
995761550
476804891
949371325
375547527
700466372
776480264
253426886
283334029
820094944
923523910
667142750
257809396
182761535
623332466
429426460
482185379
393797211
269779794
933356799
136493378
206343548
549180474
304704489
158589445
621883379
402356196
426595764
255547717
937691198
130930099
199551389
530032877
259617136
49267142
358151420
765569982
889291377
544152722
977596814
499346336
976289479
451925280
880140032
212205330
304550685
821306700
947164078
715634842
378433748
472502331
323438403
119379130
562196663
243772449
49741554
343255557
736252668
815760886
367774426
551309731
470393881
492097486
454588846
401275171
257139181
915553533
88246233
92045992
272338217
636722426
545783062
728288543
2360134
733008811
468377749
669764302
807906346
285576980
379060299
43697571
466455441
976608453
419672333
815953112
51578543
919110198
889798932
698708048
287215014
273138069
833491152
940120366
713731870
367584092
448900047
265384179
979668405
224720975
429110348
82941664
594993676
272929009
140851687
554632383
250116446
54865268
359846982
774559232
908965439
592490096
93945617
780381330
654708270
89797856
834303982
758405813
351115594
460636994
272389575
5416137
283221849
571859835
426941512
425742852
278427209
982597270
243621735
469840733
183303194
836447121
856197429
548841965
953881352
456604655
867090655
190785951
248662550
688111051
624884645
937880334
500645299
939170925
378987135
697145188
773277504
243700182
260677861
765055904
790789662
346635214
484060083
314755373
113570822
541897017
197364849
936626715
70618265
77863238
226344741
530552720
287450174
105453061
498356296
102165646
702687588
507540815
717769211
943079230
603927657
150934530
905796717
962527957
830852617
624233177
79318957
782871091
645061132
72993341
791047814
655088962
101225724
857540410
816306537
490153470
796613470
83380396
963374262
10128906
983632074
977393047
938418154
854229341
646876822
147982971
942842764
33668485
10179727
54027939
118235605
290499149
699233903
688966948
77167785
843302518
763772814
370848132
505469071
381786267
269041598
919869463
108780510
137430476
383641462
904713400
193068248
290849889
774768026
840385934
455539880
751465687
958471247
668408167
295287567
258983294
813254155
885491597
584237335
53966253
692169841
438305928
568781690
575869301
720520285
16909857
754339999
525589848
805519688
136629210
78778101
294185412
667148925
628483255
924115428
476714097
877543615
231801313
341146234
914093781
169333782
252761338
674856458
602474247
879804945
362084123
603973184
570030484
744034145
58098760
860231665
778562083
417355817
613273710
643903230
901080163
446063542
793207240
32478008
858163256
748804513
355772268
460349042
276470345
13289725
303049795
619389315
541828418
703046144
947920699
598887528
145695741
890279010
926253754
742786504
411826748
566439993
544706727
655853440
856413600
368680626
593774845
556230309
706235456
968701214
643637870
255976940
155591743
567160426
289912588
146985595
583883778
314753144
213390059
741533262
696456576
134446400
965349376
65145138
95639645
256424428
608488501
473401423
555291340
583984096
723259525
30503132
784265789
599034703
982335188
563705065
109745304
783195673
676136643
135468945
947074533
29617997
6310520
42239037
90788594
223816225
538421044
300658306
139737649
580133604
300004850
180143297
660291444
500726178
661743793
824213757
310171293
444556336
199283958
843124252
885532455
614189148
113910737
842010622
797931974
437874556
673681079
785236707
244154479
273545658
791245795
856037241
503320263
862677760
228675769
320029291
868734351
57497979
983730309
24958583
33647468
92253519
218154506
528562531
275279561
79121646
433522853
946167352
325857543
597882431
521622398
641127220
803876831
248880868
301638560
852157988
5954522
864067032
734088579
332244176
398576924
129398017
657372958
444143926
545660803
535465525
616591846
768649210
153890252
76429707
306749666
689929039
686607737
63144499
812896735
688937962
190772645
70483245
331739135
733961515
799662158
333285817
466233785
265753380
997740545
261234456
520209450
301653349
123516141
548685631
220887396
990460423
201808228
394076872
989961972
374000802
737963569
849927933
437819421
725566768
888952950
503472654
895898251
295269142
486436528
268142191
22720903
313583997
649888897
613361784
876612458
366586686
609785823
586158325
782102466
150363243
82828945
316021133
714871211
745763548
206398293
158560127
523518547
205597214
934712975
75023150
84759268
244541686
573842640
392226959
358296551
108820054
575936659
260693365
97323382
455340129
8003633
471347395
950698423
372744227
696186870
765117960
226422776
217963505
662349786
542663070
747675919
38014894
823705707
685426301
194558295
74542884
343644063
761831010
867306076
496443148
860192365
216827864
293848086
804524036
902896151
610316324
123528785
857373894
838276566
533927012
906130583
346188164
598506904
543201965
684910827
913023612
510958037
934939679
380837381
696614434
774066242
244746904
263560043
771866990
807294016
386455008
580204025
546863051
673930120
894723284
463376674
821476625
106329910
34136438
174602786
383342010
941286806
265915608
473118015
212151631
897421277
6994171
911409619
829813402
571036409
971886213
514808821
1503841
517816503
37136840
592090183
221317199
34724574
290766347
616257268
523280876
662819013
848918895
360656789
570232466
501121714
572475887
646073481
864622842
375319151
615261137
605841418
826943966
259729336
346402631
952534598
251471813
455478217
162428240
780334697
723097627
226529937
176157494
578844925
333847337
246539592
826926521
900392627
627711761
155816135
939344031
34504183
8352390
51208963
110770316
272749595
656269506
585288600
826846699
238981984
304810660
848603304
2017254
852637812
707292871
267223540
241739944
750703428
743146793
236997000
217140786
671278572
559697923
790674411
141046731
72767866
286582463
645932792
578448040
802828865
184105756
171040370
526186496
223413355
973013206
169439753
311892705
793225163
898343024
589911197
78165404
746242005
570649407
887540812
345731017
579002839
503736688
586476208
676689097
939854395
556397873
52650127
661698127
376046374
413790868
203628103
821047074
845722244
512491548
870705333
253902200
378509726
10921645
400353016
811627677
23608356
858844389
741297127
341438629
424174378
189787378
803749134
797285639
398320398
593926428
586173247
766272915
118719063
3711034
126141131
255993296
638127723
532248735
702625186
937499100
577623372
92745830
763115032
618975887
1066792
621109471
243285727
107680918
458647563
24976037
508599637
42175304
592950245
228075787
49101812
326279411
701660634
729600672
160861964
51324593
263511150
578346893
420204929
418756744
257718410
934193564
126105524
186404605
498914734
184234066
867382866
918999791
705382434
329764645
364911717
59588072
484087861
27763787
539615435
106994650
753604735
614204113
982012954
578230007
138472954
855175915
848824777
552825455
954475680
461776801
878029275
217835337
313699942
845235221
4170370
853575961
711322285
276220517
263763312
803747141
871257587
546262301
963782182
473826651
911435477
296697591
504830652
306358888
117548421
541455730
200459874
942375478
85210816
112797103
310805022
734407147
779619309
293645751
366910804
27467352
421845508
871158368
164162230
199482821
563127872
325738558
214604981
754948520
724502014
203952534
132407075
468766684
69940436
608647556
287235541
183118631
653472803
490064230
633601256
757266735
148134712
53536152
255207016
563950184
383107377
330164931
43437232
417039395
877516022
172071425
221658865
615389155
452437168
520263484
492964129
506191735
505347592
516886912
539121409
595129723
729380848
53891405
837163658
728218714
293601072
315420851
924442774
164306385
253055537
670417459
593890448
858198348
310287130
478772601
267832325
14437244
296706813
607850870
512408546
632667955
777744449
188156839
154058120
496273079
146604271
789481621
725567506
240616619
206800737
654218093
515236916
684691918
884620745
453933394
792487526
38908432
870304390
779517205
429338786
638194770
705728319
49651394
805031107
659713601
124458295
908630191
941718670
792067517
525853690
843774890
213403456
270581795
754567046
779715880
313998792
407713457
129425699
666564855
462555402
591675652
645906699
883489043
412884771
709258578
831401920
372062404
575526721
523115839
621758392
766632616
155023610
76679829
308383268
693446365
695275991
83998333
863272657
810543640
484359923
779263479
42886867
865037213
772961286
410959771
594880821
600721406
796323626
193368644
183060907
559490458
302041816
163574083
629189982
421954040
473098055
368150143
209398334
786946811
783291949
353530695
490353332
334237352
158828029
651893410
462614842
577123087
616861009
810845098
238551191
287947473
814446137
916839740
648125603
213090932
74307460
361705852
797719164
957144173
712007496
381159151
474325791
329810726
133947236
597705198
329357625
256420441
842198507
940817448
723833389
388484212
500801806
390087817
280977433
952042683
185062785
322168246
829399277
980966793
791332849
563632477
918597796
400828055
720253899
841335846
402925577
647186993
697299556
41786091
780871738
603529560
987930851
579391248
146713333
872817914
892349154
657516208
207381556
72279313
351940182
776159677
904259529
584678721
73616957
731912635
537442220
806797068
151036342
108869745
368775832
846421409
61618636
969658681
935984
971530649
943997275
859525185
663047631
185620433
34288490
254197413
542683316
339564038
221811385
783186808
788184994
359556782
507298551
374153877
255606298
885366473
26339230
938044933
902429089
742903097
388235269
519373628
426982518
373338657
173659825
720658307
614976432
950611164
516198746
983008649
482216030
947440702
377097420
701635535
780368483
262372487
305113450
872599387
50312210
973223807
996759817
966743427
930246657
827236727
584720097
996676914
578073911
152824722
883723355
920271425
724266191
368803793
461873770
292551326
46976415
386504156
819984727
26473596
872931919
772337427
417606759
607550938
632708628
872968187
378644988
630258156
639161293
908580735
456322749
821226226
98775187
18776593
136328373
291433339
719195051
729823434
178841905
87507237
353856379
795219995
944296362
683812705
311921758
307656214
927234186
162124572
251483323
665091218
581665752
828422715
238511168
305445044
849401256
4247542
857896340
720040215
297976756
315993720
929964196
175922098
281808385
739538868
760886114
261311082
283508271
828327624
940163512
708654634
357472766
423600159
204673077
832946313
870565696
574077691
18721064
611519819
241760695
95041202
431843099
958727400
349297885
657323163
663944204
985211564
634367318
253946186
142259683
538465552
219190780
976847112
172884990
322617085
818119160
958855398
735829942
430515268
596860471
624236203
845332870
314901929
475136721
265175364
5487442
276150248
557787938
391726117
341240165
74206440
489653045
53512523
596678091
246868698
90415480
427699658
945814796
319329236
584473261
488275751
561024756
610325256
781675261
173675764
129026782
431729328
992485438
416700190
825885811
68471798
962829407
994130605
951090603
896311797
743714183
383740149
511194474
406129090
323452647
53034377
429521401
912077179
253675745
419428662
92533062
604494786
301522627
207540033
716602693
640745412
998093510
636932418
271958332
180849075
633656482
448162032
529980539
508123103
546226738
600576572
747379875
95336308
938052491
971441283
880935043
733311355
347557739
428426826
204411384
837249594
878910565
595070710
69051971
733174652
535401268
803977181
143355616
90688406
324732428
740153262
805038945
350231138
505501214
361233559
227968325
817170209
862308736
541787667
945884063
433555779
812995614
59546993
932089600
923726186
779541958
482810088
745162127
973134335
691430783
355995887
403422550
162840980
729104510
621049993
971204489
563458957
98122389
759703735
617529852
994763432
607056702
208876822
24810339
258497500
541805339
342108171
226021674
794151519
814324705
422800915
659926528
742653964
145234442
33122841
211480124
456083089
123646295
703375679
530397646
764170964
58739560
881650084
822039721
525729512
873498738
272726974
418952679
110632325
640217329
391066976
422351274
235769517
893890308
23550119
940990546
905531204
752052940
409637070
571327073
552291209
675909484
904110170
484129810
872369783
228869362
330108500
889086362
108281210
105648775
319578760
744806295
809191343
363188967
535569270
434327500
404224263
242776019
889776301
22328607
934433515
891195630
716824761
324845138
366515030
57875191
482265412
22406008
527077428
76560857
680199142
436959134
554117403
545193933
644505262
834204450
312914148
460032739
232979619
925991977
84963559
95919088
276801735
649522558
575846844
801216239
178279308
157774848
493829004
145432849
784694702
714822246
214339180
143500599
501340378
146181348
793703074
733587489
260878038
255343558
771565154
798473859
368512858
535499568
439511987
414523535
268559050
951641635
171842306
295326240
762494786
820315805
403126382
626568562
656263499
939095553
534454591
8004721
550464033
108932780
768329593
645591959
59513497
764618953
588751396
942121738
472994858
888111447
249217738
386546916
22311563
431170042
884651647
200473322
285598284
771669890
828938057
429545990
688030030
805606043
299242102
404090240
107422575
618935390
345293348
309522079
964337506
238197077
440731653
119660376
680052405
479765179
639582756
758930684
157444110
73818897
305081904
683982705
673047307
30077305
733201917
496481132
726164174
948809473
623783106
196375671
16534441
229444553
475423547
180291640
836006827
852305287
540617387
933540054
407697481
748935009
905567492
560069979
25707436
611484851
248677131
108839106
466355343
41549785
549454913
140459604
830374121
801207839
432789785
666787402
766364582
199516552
165397679
530311910
226021492
982354894
190731266
363817419
918366104
200549613
319465323
839480259
998425834
836331913
671089646
178511191
28112021
234735233
497582487
229900200
957382887
144665960
246714800
638095560
522905913
683907379
890720664
465348693
821418043
108184765
37787566
183759897
405307360
994374617
394056580
782487770
959032113
700551982
360136063
420824101
201784258
824392617
850569485
525531573
901632624
328796807
559226231
447249262
453724748
354698751
163122243
680943237
525008710
730960650
986930003
704820642
396571273
497963181
392497628
282958430
958414488
199787392
357989265
915765922
189521095
294808105
779137305
853082708
485302707
823688115
132678923
89045954
310770831
710587616
731946056
174479714
80905477
336290668
753486813
843264287
440015373
723295026
886605418
496505848
879617107
255740048
391097196
37934433
466966062
971866557
410699162
793264874
997228903
787722666
572674221
933071101
438816409
810703912
60224219
931152350
922528912
776210160
474949218
726108589
927166389
580441353
88049081
756539515
601128104
958795716
518719522
996234753
511189014
18612767
548414548
115441856
779298260
674038369
127374984
928788337
984951651
898691625
782334887
463361385
709057650
881476678
472010992
825498655
123008288
71515224
266038736
603592696
473224121
550040931
573305976
696652876
966611721
629876304
226364315
82604927
391574169
865753265
123080685
111914628
346909941
805734510
958378954
722492404
403363748
529219893
461803527
452826940
367457400
187741733
742940866
673623458
90187768
853998994
798185749
450370478
698926698
848223867
395374418
638972696
673319803
985612295
644544379
274701039
193946450
662593939
519134321
700862574
920859462
542581484
6022416
554626316
115275041
785176398
685627830
156432044
998491918
153415866
305323643
764063152
833449940
430963018
695375969
821714949
338805853
499326648
337459142
174244925
685948992
546142902
778234789
102612466
983459721
69531894
122523502
314578898
751681298
817941487
387564258
593069996
573704243
740478475
54661179
849800833
754262838
358326495
470915821
300158130
71232074
442622278
956476630
355575524
667627671
690830859
49289375
789409609
628108586
45626767
719362120
484351000
688064113
860479219
409022537
678524286
766071102
210666476
187404047
585474570
358353180
302180923
962715026
227610961
417936941
63484836
544906613
153298055
851502723
856303494
564109697
984522881
533155445
50833757
634822959
320479668
275782288
872044244
19870762
911785768
843442291
598670336
40782949
680236234
401255410
482747047
366749497
216246034
799241565
814729157
428699865
672128880
772957618
218044102
209045815
636135732
481317272
598770269
678857803
956485868
591829525
140144904
872119333
884383563
640886445
166156439
973199323
112555071
198309458
509173987
216657425
942488837
101635085
145759000
393153085
932065170
257283411
446631985
150547374
747726733
646000833
39728385
725457603
490643584
706744764
904133105
515010960
934155018
383320982
700796975
784914925
270626811
326168540
922963891
172096308
267156500
706409308
679975109
66359512
812694133
691747771
196189661
84127086
364443833
813014752
990473330
793961398
578396112
950753615
479903328
910560264
301023842
512607941
326239717
165087368
656414453
477916267
612246980
702410220
17067406
736545032
490157463
716859951
923877358
564614653
53106650
670827953
394762549
460353044
315468630
91290297
498049224
87388738
672826700
433042131
538910955
510864034
560639016
632142059
824923127
281988299
388899718
59787728
508475174
76738069
661951312
400640686
463232677
327106033
117444736
561995505
241435739
44866976
331169691
707206358
745582400
198371144
142324681
483020506
108365686
699751878
507869435
715490741
938850910
593192547
125235990
843664527
812565037
468794587
750154204
969102988
688360166
345823306
380006771
105836841
591680453
289197740
170075926
629349592
428775103
486899791
402574678
292049140
986672958
265395042
517463035
300321105
118105238
536531581
191168393
918868367
28905113
976678593
982262292
941203163
864668604
670540357
205749304
82038958
369827220
821693398
13214002
848121402
709456799
267034986
243526764
754088514
751703785
257496070
266695918
790887906
848471723
487831338
824134392
136100108
96334601
328769310
753873221
836515745
426904697
690325132
807554954
305435026
418424999
142285017
702995033
548275076
799545178
147365418
94276007
335917432
766110871
868139167
502389191
872917542
248224261
369366057
986956375
343278793
673513954
690306694
54127328
798561350
651250021
101061378
853372777
807806925
468986613
745780144
960546894
666873918
294294716
255463343
805221402
865906140
537033668
939973469
416980592
773934646
964849877
703634386
372118635
447871649
267861926
983595501
235052914
453701322
142455551
738612424
619680392
977973201
575626780
129226747
834080274
797387288
428854836
655096953
739048735
133194409
5437546
144069501
293576548
731222597
756021735
243266053
242553834
728373721
699301269
126976245
953253759
33483749
20221250
73926249
168073748
410073745
988221238
386516207
761253645
909023490
579300611
67624698
714550007
496724705
707999410
912723518
533446432
979616375
492679168
964974704
422628562
810231821
43092190
896416201
835924585
568265357
972455292
513175927
998807139
510790191
20387507
551565205
123517910
798601025
720719953
240040917
200801780
641644477
484090727
609825924
703742568
17311046
738364660
494040359
726445371
946931094
620307545
187546170
995399885
178345926
352091730
882529386
117150488
116830355
350811198
818452751
987716693
793886123
575488925
944863966
465216843
875297645
215812119
306921876
829655871
966233611
762123079
490479755
743082582
976644912
696372392
369389682
435151749
239693173
914538095
68769349
52076786
172922921
397922628
968768177
335458968
639686106
614831173
869348445
353528049
576404536
506337114
589078757
684494621
958067992
600630591
159329160
919288911
997906975
915102847
828112655
571328143
970768934
512865997
996500921
505867825
8236557
522340939
52918428
628177795
309274011
246725810
802725631
852177065
507079747
866336552
239752837
345842219
931437275
208716755
348870778
906458311
161787386
230033076
621853538
473740145
569333821
612407780
794149374
200706514
195562395
591831304
379224996
350281289
79787567
509856423
99500406
708857235
517214869
743286966
3788787
750864540
505517860
761900253
29318352
820536957
670392259
161321461
993035181
147391809
287818792
723029393
733877571
190784521
115446606
421677733
958802072
339281863
637365791
614013438
865392660
344798744
554990141
454779019
464548172
383875356
232298877
848473110
929245090
706963276
343171628
393306525
129784671
652875867
435536398
523948656
483433703
490816055
465065806
420947660
306961119
34869891
376700901
788271693
953244280
694760239
342764744
380289720
103344177
586978074
277300318
141578703
560457724
262494144
85446005
433386154
952218313
337822766
627863838
593550435
814964701
223479823
261924340
747328503
756581339
260491167
277563666
815618499
908800657
633219799
175240241
983700281
142640789
268981852
680604493
630190831
940986148
512163113
965312367
442787833
850888026
144563871
140015761
424595393
989206547
403008473
795223486
993455438
782134348
557724120
897582581
352889268
603361110
559611481
722584065
4779597
732143259
469066108
670275468
809617037
289509528
388636086
66781693
522199472
111180630
744560732
600302087
945164899
490631871
926428634
343489125
613406877
570302872
754012614
78328086
910668786
899665651
710000074
319665785
349331637
18329052
385989741
790308534
966606802
723522124
413651036
550824189
515299407
581422996
678145392
937713773
553572924
44859607
643292138
331443876
306179883
943803642
193787153
331377941
856543035
44463997
945471029
935406048
816283111
567972256
952227616
472427474
897082557
266592574
430267698
127127963
684523624
496175204
676874025
849923247
376720505
603364250
583448998
770262239
123973462
18209156
160391774
338992704
838377182
15747054
869871290
755489627
380850530
517190680
415231883
347654439
110540754
568735947
248012641
64761222
377535085
819831392
17197855
854227102
725652052
305531192
336714429
978960050
294634515
568229073
431092654
430414374
291921395
14257157
320435709
655128575
630692852
916514272
463721382
843957029
151635426
147227874
446091174
39410215
524911604
89233416
703378436
495990281
695358991
886708256
468775489
824259227
117293929
58847078
234988085
528823248
292634574
114092389
520819352
155731086
832281524
820294127
472869764
766033648
4937046
775907740
556752519
889412771
335578047
560568858
456715756
474000363
404716475
283433306
971583087
226599466
424782012
76163483
577108978
230381432
37871835
306125102
650122039
606369173
862860378
332089915
527040201
386170310
299380814
984931938
269244676
523421283
316087235
155595746
627278727
410153193
447585106
305323398
58231895
421787188
901806271
225399716
352605696
930611108
213827898
358266897
930361692
218990267
368342219
955674705
279691615
515057928
309807464
134672849
579153162
292979166
165111487
623202140
411515760
446233653
303983059
54199764
412382587
878964938
170312449
219589829
609492107
438574036
486640172
411854373
310348911
32552188
375453287
783458762
942370804
668200356
278771502
225743353
730258208
686259762
102777718
891815198
886408107
664631398
215670889
95973169
407617227
911207623
230032459
371272534
972577527
316427574
605432668
527292903
660018467
847329830
354678113
556686049
468050204
492786450
453623097
400032637
253688364
907409365
68507080
44423518
157354116
359131750
875617616
110366968
96351545
303070058
702491661
708053373
118598393
945250159
9098697
963447553
935993796
835435131
606864044
49163205
705190454
459544106
624278659
708101417
40481479
789064375
618610222
26284805
671179832
368644462
408468749
185581953
779632655
744847256
269327153
283501555
836330263
956162074
748654397
453470854
655596098
764663043
184922170
134507376
453936922
42381213
538699348
119779902
778259152
676298199
130855536
938009271
6874064
951757399
910388855
772535095
455459031
683453150
822365324
328183784
478732885
285649547
50031972
385713491
821458954
28631385
878721724
786074826
450871362
687817543
826506441
340830411
508167256
357164916
222497081
802159078
826815230
455789524
738394271
932578059
603550375
139678795
882907965
905494718
693897387
293289478
280476336
854242150
988960629
832163394
653287403
138738186
930763775
265722
931295219
862856153
657007511
176871161
10749826
198370813
407491452
13353710
434198872
881751454
197701766
277154979
752011724
781178420
314368550
409915513
134199569
678314651
490828864
659972372
810773601
281519560
373812714
29144981
432102676
893350333
218803328
330956982
880717292
92391552
65500389
223392330
512285049
247962421
8209884
264382189
536974262
338330706
213635667
765602040
744839740
255281506
255402745
766086996
787576730
341240442
470057607
281355649
32768898
346893445
726555788
800005014
326565802
453136611
232839017
918814645
70468293
59751224
189970741
439692706
69356146
578404998
226166135
30737261
287640657
606018575
499677800
605374168
710426129
26226412
762878953
551984311
866847568
285679433
438206427
162092280
762390987
686874247
136139467
959153181
54445815
68044804
190535423
449115650
88766716
626649082
342064873
310778821
963622515
238023837
439670182
117364194
674398570
466161327
606721217
679603754
965928718
611461176
188851056
989163288
167177618
323518517
814214652
951947814
718110266
388168332
494446923
377062171
248571258
874204687
996980625
868165923
733312457
334790823
402894096
140579008
684052112
508683225
701418555
911520328
524459197
960438715
445336613
851111934
147560467
146232861
440026189
26285232
492596653
11478531
515553715
42585954
600725623
244037193
88800002
421637197
932074396
285785975
503646339
293078646
89803624
472685894
35175405
543036704
121248806
785534316
692317431
170169164
32655752
235480668
503617088
242714837
989046762
220808347
430663449
82135238
594933925
272003081
138940080
549883241
238706555
27296344
293299243
613894830
521088896
656072615
833234119
322540839
478315790
279172412
36660607
352493626
741647859
835789337
413226519
662242368
737711248
137664850
13040941
163746732
340534405
844815542
30165475
905146492
840458452
586063382
12585202
611233786
235052767
81339313
397731393
876802099
151335577
179473246
510282069
200037377
910356823
20751009
951858841
924468684
800796195
526061060
852918308
231897662
316713625
865324912
47363435
960051782
967466992
894985752
757438482
409862702
577163879
564190453
705544778
975280002
656104768
287489524
231083809
749657142
730398086
210453300
151304679
513062658
177429988
867922634
913275249
694473118
302221471
298916053
900053577
99023193
98099956
295223105
688546166
672315430
33177012
738669454
510515913
759701273
29918445
819538163
668994764
157527677
984050118
125627899
235305909
596239717
427785336
451810382
331406093
114622561
560651215
235924984
32501176
300927336
634355848
569639025
773633891
116906793
7447470
131801733
271050936
673903605
618858139
911619876
442097877
795815623
33729109
863273841
760276784
383827395
527931567
439690522
407312604
254315723
915944050
86203809
88351661
262907131
614165923
491238970
596643856
684526675
965697199
615921059
197539303
10999658
219538619
450076896
119692404
689461704
498615805
686693307
872002412
430698117
733398639
897495388
528389401
954274183
436937753
828149682
93237103
14623881
122484865
259593611
641672087
542937778
727547636
998033043
723613708
445260445
614134591
673529620
961193824
595917254
153028318
901973890
956976091
815926058
588828193
993582437
575993053
145568529
867130111
879828744
626787585
133403900
893595385
920594663
734784697
390164043
515112776
420389588
355891945
132173471
620238887
372651238
365541356
103733943
573009242
249752420
72514075
394780570
862075215
118930986
99937180
318805346
737547872
793901083
325350024
444601124
214552265
873705654
961963566
797632772
557229096
912090957
381410996
674912942
731236873
137386674
6010214
149407102
304824418
759055938
822936287
404928498
632793276
670515043
973823355
618161739
210146819
38455370
287057559
612570488
512198528
636967537
786133595
209234713
204603014
618440741
441484489
501409712
444303906
390017517
224338933
838695383
901729692
642154753
186039184
14233114
214505412
443243938
100993281
645230500
391454274
428139041
247732349
923603739
94939813
113483358
321906529
757296416
836499354
430295110
697089567
824474237
346038027
516550284
379138588
274827453
928793494
132414427
193622341
519659109
232940552
985540213
204020964
393582134
991185232
375952584
743090393
862133363
467357105
796847566
61052223
918952012
898956240
716864478
332685182
382234835
97154845
576544525
250243888
77032294
404308476
885649246
175606954
236863147
649333248
535529636
720392513
976314655
673021809
322358259
317738320
957834899
233408104
424651100
82710297
590071694
262853678
115779043
494411764
104602564
703616892
511836341
727289567
966415468
660120489
286656432
233433346
753523124
740479587
234482284
209444148
653370580
516185301
685741175
887667644
461076449
809820535
80717505
971255545
23228581
17712700
58653981
135020662
328695305
792411272
913517842
619446942
152411712
924270366
952430
926175226
853302875
632780962
118864785
870510532
859885842
590282202
40450232
671182666
382815557
436813773
256443096
949699965
155843012
261385982
678614976
618615927
915846823
450309559
816465934
83241413
982948760
49138919
81226591
211592101
504410793
220413680
945238153
110889972
167018090
444926152
56870387
558666926
174204232
907075390
988355005
883785386
755925763
395636898
547199552
490035995
527271535
544579058
616429644
777438339
171306308
120050948
411408204
942867356
297142902
537153153
371449201
280051548
931552297
143156128
217864546
578885220
375634979
330155171
35945314
402045799
840036912
82119609
4276123
90671855
185619833
461911521
109442868
680797257
471037375
622872000
716781368
56434722
829650812
715736339
261123476
237983284
737090044
712163365
161416760
34996878
231410516
497817910
227046329
951910568
130867451
213645463
558158377
329962210
218082790
766127790
750338363
266804502
283947360
834699222
953345797
741390802
436127387
613645569
663418518
940482598
544383700
29249984
602883668
235017313
72918287
380853887
834626061
50105995
934838051
919782090
774402217
468586510
711575230
891736963
495049142
881835240
258719608
399274449
57268499
513811447
84891386
683594219
452079817
587753846
627587502
842928843
313445174
469819184
253083535
975986254
205056029
386098305
977252639
340603569
658459770
657523102
973505967
604535022
182575997
969687016
121950015
213587039
549124093
311835218
172794522
657424262
487643039
632710333
753063698
138837715
30739121
200315957
431371035
63058020
557487075
178032163
913551401
5134951
923821303
852777550
629376389
111530314
852437017
816404341
485245685
786895704
59037079
904969862
868976796
642923440
154823662
952570764
59965176
72501109
204967394
482435897
169839181
822114259
814067692
450249629
714566943
879383508
473333945
826051391
125436713
76924810
279286333
635497476
550281278
736060025
22401314
780862653
584126613
949115872
482358343
913832551
310023431
533879406
377782236
289443871
956669978
202783813
362237597
927259007
216755597
360770194
938295985
237362150
413020278
63402699
539825676
143054044
825933764
794921565
415776880
626475318
668727509
963930329
596588153
157106621
910801395
978709404
868220189
715149768
298519711
312189183
922898077
157985323
238868716
635722755
510314219
656351186
823016584
302384340
427785257
157954847
743694951
645344742
34384421
714113584
462611582
639336741
741285057
121906841
985098739
92104305
169307342
430718989
30745313
492209615
15164536
522538687
60241903
643022493
346286882
335596250
17479375
370555000
758589375
887733743
534056847
955847430
445751693
847350809
140453297
128257396
396968089
922193574
241355223
404904013
51163242
507230497
65624229
638478955
342582132
323643212
989868556
303380310
596629169
496638641
589906444
676451522
942809481
562070470
66950407
695971284
458892968
613757213
686407387
986571980
659551333
305674632
270900590
847475812
965852207
779180212
524212617
827605439
179423481
186452394
552328269
291108925
134546112
560201149
254948403
70097948
395144299
860386546
115917377
92221293
300359963
692941219
686242394
65425993
817094380
699614746
216323858
132262455
480848768
93959984
668768736
431497449
531763627
495024696
521813012
538650713
599114431
736879568
72873553
882626674
838126894
558880448
955887783
470656000
897199776
265055538
427310845
119677221
666665287
453007788
572680856
598369493
769419835
137209149
43838126
224885401
493608928
212103250
917815428
47734092
13283605
74301302
161886209
398073720
958033649
314141004
586315650
486772297
559860237
606492764
772845758
152184266
77214283
306612832
690439947
687492719
65425371
818343461
702112286
222568019
147248317
517064653
181377616
879819885
941017379
761854629
464726623
691307868
847342352
385992558
619327461
624647473
868622400
361892259
592406911
546706074
685819052
918344171
522507380
963358924
449225214
861809345
172843890
207497118
587838126
383173363
354184845
91543046
537270937
166084913
869440763
904966432
679373613
263713644
206800894
677315432
561431751
800178927
161789591
123758102
409305795
942369692
294045165
530460015
354965188
240390384
835745956
911882289
659510520
230903315
121317143
473537601
68392338
610322277
289036885
188396040
665828965
520053963
705936884
931927724
569792318
71512346
712817010
497146359
707109721
911365794
529841295
971048377
471938035
914924440
301786901
518498235
338783364
196064956
730913276
657891501
46696264
751284029
549264315
849812652
248889605
347591855
944073315
235738471
415550250
66838964
549228178
165295313
879818804
924932914
729684618
384302136
498288883
380879895
260048666
900977227
62003106
24983432
111969970
248923372
609816714
468556793
546930293
562417372
671765030
905947425
483659866
873267150
230194152
333655447
897505046
128665525
154836089
438337703
31511488
501360679
34232839
569826357
173885546
917597449
9080430
935758309
880597041
696952377
274501781
245955932
766413645
778783215
323980061
426743330
177466714
781676758
740820223
263317190
267454596
798226382
863907353
526041074
915989494
358020048
632029583
622079207
876187990
374455173
625098329
624651824
874401970
373455750
621313463
616082669
853478794
323040243
499559273
322158782
143876830
609912442
363701707
337315849
38333398
413982645
866298688
146580007
159458695
465497397
90453482
646404361
383262197
412928748
209119686
831168120
871455919
574079944
19615793
613311530
246238846
105789215
457817276
21423760
500664796
22753345
546171486
115096310
776364106
667824515
112013122
891850759
895714633
683280011
262274641
207829286
677933213
563695705
805324616
174344923
154014455
482373833
118762114
719898061
558558229
837014512
232587239
302188983
836965205
976119386
789203963
554527298
898258552
351044388
600347321
551739023
703825360
959389736
622604818
204599358
31803527
268206412
568216351
404639107
377494558
159628216
696750990
553130189
803011361
159152897
121317148
401787193
924891534
251570247
428032021
107634282
643300585
394235445
431771468
257778374
947328216
152434792
252197793
656830378
565858542
788547455
142953438
74454324
291862086
658178496
608219071
874616631
357452319
589521262
536494836
662510927
861516683
385544279
632605234
650754740
934114707
518984140
972082980
463150086
898383145
259916362
418215862
96348079
610912020
318172112
247256237
812684586
872625402
557935376
988496147
534927656
58351445
651630546
361612530
374855599
111323721
597503041
306329796
210162626
726655048
663472715
53600464
770673643
594947743
960569122
516085973
992741061
501568081
995877216
493322499
982522207
458366899
899255998
256878881
413013753
82906380
578826513
240559399
59945304
360450007
780845318
922140636
625126576
172393774
969914124
112222008
194358133
500938274
196234674
893407622
983049911
859507430
702064757
263636930
229338610
722314150
673966903
70247942
814462787
699173509
212809791
124793084
462395959
49584995
561565949
172716886
906999721
986716321
880432349
747581005
375594345
498769688
373133714
245037109
863207932
971452966
806113850
583680652
973475147
530630932
34736997
600104926
234946842
69998603
374944048
819886699
14717432
849321563
713360551
276042651
265445846
806934343
879314525
565563379
10441269
586445917
183333096
953112109
89557300
132226702
354010704
840248110
34506910
909261930
853030763
615323442
83677633
782678708
649035042
80748778
810532598
701813967
214160518
130134996
474430510
78996009
632422528
343841058
320104637
984050332
288205287
560460899
409127078
378715048
166557167
711829382
590215924
892261223
374738356
641737928
658214205
958166331
574546853
107260023
789066899
685393814
159854513
5102833
170060179
345223191
860506561
66236299
992979159
52194603
97368358
246931319
591230996
429393304
450017597
329428491
108874572
547177635
203229835
953637305
110504431
174646160
459796751
94239655
648276061
390791770
429859594
250510951
930881496
112273929
155429347
423132623
1694586
426521795
854738176
135998133
126734435
389467003
905668441
200803871
307276176
815356223
937988615
691333439
320655479
332644390
985944259
304532894
595010040
494552967
584115967
662784894
909685748
482156376
873998493
230153348
334305182
898763712
131832592
162428889
456690370
75809622
608309614
292428843
193167293
678763429
550694144
780151710
110997550
2146803
115291156
232729115
580749386
394227880
369205139
132638151
634481441
401601026
437683486
276967991
991619468
260206913
512033287
284273480
80580240
445433960
971448160
388330266
748108685
884547629
517203929
918955480
355114875
629185223
613485314
856155844
325796988
507749813
341296607
190343020
721982647
634308307
990599254
615506801
221612842
58732478
339077798
736888074
812853939
362595938
538045808
438687547
415420895
269529330
954479555
178488426
311456400
801401226
914258845
629918902
174096635
978112172
130320965
238754095
607829155
454412398
516653944
487720279
492094495
471909262
435913012
343735279
123383563
590502405
304388366
199279130
702946626
605172375
913291369
431755099
776801560
985358212
747517970
480394138
708306239
897006609
502319443
901645488
305610405
512866291
331342980
175552244
682447468
540447173
763341807
67130773
897603353
862337472
622278283
106894024
836066331
779026679
394119675
567266022
528651712
624569439
777790583
180150591
138091758
456334107
50759965
557854037
166468032
890790101
948048227
786886541
521821295
830529124
182879529
196288175
575455879
347199926
269855724
886911374
43678458
974268290
992215031
958698338
909611693
777921710
465455099
708831901
883118894
475069675
833258237
141586135
116430500
374447135
865324770
105096661
75518085
256132831
587783747
431700318
451184376
334069063
119322495
572714053
264750594
102215234
469181062
40577351
550335764
141248872
832833508
806915881
446665256
700246386
847158021
394562414
636282842
667128091
970539017
608206111
186951225
982108561
151168333
284445220
720058773
724562759
169184277
62931306
